[2025-12-01 02:28:12] FAILURE: Cannot bind argument to parameter 'ClientSecret' because it is an empty string.
[2025-12-01 02:40:41] FAILURE: Cannot bind argument to parameter 'ClientSecret' because it is an empty string.
[2025-12-01 03:10:28] FAILURE: Cannot bind argument to parameter 'ClientSecret' because it is an empty string.
[2025-12-01 03:33:00] HTTP GET https://graph.microsoft.com/v1.0/shares/u!aHR0cHM6Ly9jYWNoZXZhbGxleWJhbmsuc2hhcmVwb2ludC5jb20vOmY6L3MvbTM2NWFwcGJ1aWxkZXItZGV2aWNlc2NvcGUtMTExMC9JZ0E3X2MwMFNJUTJRS3BUaGZXamlNVC1BV2xlVVpXT1htYnV0cHpVS3Y0YWtNVT9lPUNQMXdlYQ/driveItem (attempt 1)
[2025-12-01 03:33:00] HTTP PUT https://graph.microsoft.com/v1.0/drives/b!u0VrVqMqKEqRAUcFLyXM7nEO44VlP5dGv2u4lUcY7acsyWFyjOooTLN0civruKm2/items/01GZY4V6Z37XGTISEEGZAKUU4F6WRYRRH6:/DeviceScope_Merged_2025-12-01_033300.csv:/content (attempt 1)
[2025-12-01 03:33:01] Uploaded (small) DeviceScope_Merged_2025-12-01_033300.csv
[2025-12-01 03:33:01] HTTP GET https://graph.microsoft.com/v1.0/drives/b!u0VrVqMqKEqRAUcFLyXM7nEO44VlP5dGv2u4lUcY7acsyWFyjOooTLN0civruKm2/items/01GZY4V6Z37XGTISEEGZAKUU4F6WRYRRH6/children?$select=name,id,lastModifiedDateTime (attempt 1)
[2025-12-01 03:33:01] SUCCESS: DeviceScope_Merged_2025-12-01_033300.csv uploaded to drive=b!u0VrVqMqKEqRAUcFLyXM7nEO44VlP5dGv2u4lUcY7acsyWFyjOooTLN0civruKm2 parent=01GZY4V6Z37XGTISEEGZAKUU4F6WRYRRH6
[2025-12-01 06:05:30] HTTP GET https://graph.microsoft.com/v1.0/shares/u!aHR0cHM6Ly9jYWNoZXZhbGxleWJhbmsuc2hhcmVwb2ludC5jb20vOmY6L3MvbTM2NWFwcGJ1aWxkZXItZGV2aWNlc2NvcGUtMTExMC9JZ0E3X2MwMFNJUTJRS3BUaGZXamlNVC1BV2xlVVpXT1htYnV0cHpVS3Y0YWtNVT9lPUNQMXdlYQ/driveItem (attempt 1)
[2025-12-01 06:05:31] HTTP PUT https://graph.microsoft.com/v1.0/drives/b!u0VrVqMqKEqRAUcFLyXM7nEO44VlP5dGv2u4lUcY7acsyWFyjOooTLN0civruKm2/items/01GZY4V6Z37XGTISEEGZAKUU4F6WRYRRH6:/DeviceScope_Merged_2025-12-01_060530.csv:/content (attempt 1)
[2025-12-01 06:05:31] Uploaded (small) DeviceScope_Merged_2025-12-01_060530.csv
[2025-12-01 06:05:32] HTTP GET https://graph.microsoft.com/v1.0/drives/b!u0VrVqMqKEqRAUcFLyXM7nEO44VlP5dGv2u4lUcY7acsyWFyjOooTLN0civruKm2/items/01GZY4V6Z37XGTISEEGZAKUU4F6WRYRRH6/children?$select=name,id,lastModifiedDateTime (attempt 1)
[2025-12-01 06:05:32] SUCCESS: DeviceScope_Merged_2025-12-01_060530.csv uploaded to drive=b!u0VrVqMqKEqRAUcFLyXM7nEO44VlP5dGv2u4lUcY7acsyWFyjOooTLN0civruKm2 parent=01GZY4V6Z37XGTISEEGZAKUU4F6WRYRRH6
[2025-12-01 06:46:14] FAILURE: Cannot bind argument to parameter 'TenantId' because it is an empty string.
[2026-06-08 17:05:34] FAILURE: Cannot bind argument to parameter 'TenantId' because it is an empty string.
[2026-06-08 17:30:58] HTTP GET https://graph.microsoft.com/v1.0/shares/u!aHR0cHM6Ly9jYWNoZXZhbGxleWJhbmsuc2hhcmVwb2ludC5jb20vOmY6L3MvbTM2NWFwcGJ1aWxkZXItZGV2aWNlc2NvcGUtMTExMC9JZ0E3X2MwMFNJUTJRS3BUaGZXamlNVC1BV2xlVVpXT1htYnV0cHpVS3Y0YWtNVT9lPUNQMXdlYQ/driveItem (attempt 1)
[2026-06-08 17:30:58] HTTP PUT https://graph.microsoft.com/v1.0/drives/b!u0VrVqMqKEqRAUcFLyXM7nEO44VlP5dGv2u4lUcY7acsyWFyjOooTLN0civruKm2/items/01GZY4V6Z37XGTISEEGZAKUU4F6WRYRRH6:/DeviceScope_Merged_2026-06-08_173057.csv:/content (attempt 1)
[2026-06-08 17:31:00] Uploaded (small) DeviceScope_Merged_2026-06-08_173057.csv
[2026-06-08 17:31:00] HTTP GET https://graph.microsoft.com/v1.0/drives/b!u0VrVqMqKEqRAUcFLyXM7nEO44VlP5dGv2u4lUcY7acsyWFyjOooTLN0civruKm2/items/01GZY4V6Z37XGTISEEGZAKUU4F6WRYRRH6/children?$select=name,id,lastModifiedDateTime (attempt 1)
[2026-06-08 17:31:00] SUCCESS: DeviceScope_Merged_2026-06-08_173057.csv uploaded to drive=b!u0VrVqMqKEqRAUcFLyXM7nEO44VlP5dGv2u4lUcY7acsyWFyjOooTLN0civruKm2 parent=01GZY4V6Z37XGTISEEGZAKUU4F6WRYRRH6
[2026-06-08 17:46:01] HTTP GET https://graph.microsoft.com/v1.0/shares/u!aHR0cHM6Ly9jYWNoZXZhbGxleWJhbmsuc2hhcmVwb2ludC5jb20vOmY6L3MvbTM2NWFwcGJ1aWxkZXItZGV2aWNlc2NvcGUtMTExMC9JZ0E3X2MwMFNJUTJRS3BUaGZXamlNVC1BV2xlVVpXT1htYnV0cHpVS3Y0YWtNVT9lPUNQMXdlYQ/driveItem (attempt 1)
[2026-06-08 17:46:02] HTTP PUT https://graph.microsoft.com/v1.0/drives/b!u0VrVqMqKEqRAUcFLyXM7nEO44VlP5dGv2u4lUcY7acsyWFyjOooTLN0civruKm2/items/01GZY4V6Z37XGTISEEGZAKUU4F6WRYRRH6:/DeviceScope_Merged_2026-06-08_174601.csv:/content (attempt 1)
[2026-06-08 17:46:03] Uploaded (small) DeviceScope_Merged_2026-06-08_174601.csv
[2026-06-08 17:46:03] HTTP GET https://graph.microsoft.com/v1.0/drives/b!u0VrVqMqKEqRAUcFLyXM7nEO44VlP5dGv2u4lUcY7acsyWFyjOooTLN0civruKm2/items/01GZY4V6Z37XGTISEEGZAKUU4F6WRYRRH6/children?$select=name,id,lastModifiedDateTime (attempt 1)
[2026-06-08 17:46:04] SUCCESS: DeviceScope_Merged_2026-06-08_174601.csv uploaded to drive=b!u0VrVqMqKEqRAUcFLyXM7nEO44VlP5dGv2u4lUcY7acsyWFyjOooTLN0civruKm2 parent=01GZY4V6Z37XGTISEEGZAKUU4F6WRYRRH6
[2026-06-08 17:48:54] HTTP GET https://graph.microsoft.com/v1.0/shares/u!aHR0cHM6Ly9jYWNoZXZhbGxleWJhbmsuc2hhcmVwb2ludC5jb20vOmY6L3MvbTM2NWFwcGJ1aWxkZXItZGV2aWNlc2NvcGUtMTExMC9JZ0E3X2MwMFNJUTJRS3BUaGZXamlNVC1BV2xlVVpXT1htYnV0cHpVS3Y0YWtNVT9lPUNQMXdlYQ/driveItem (attempt 1)
[2026-06-08 17:48:55] HTTP PUT https://graph.microsoft.com/v1.0/drives/b!u0VrVqMqKEqRAUcFLyXM7nEO44VlP5dGv2u4lUcY7acsyWFyjOooTLN0civruKm2/items/01GZY4V6Z37XGTISEEGZAKUU4F6WRYRRH6:/DeviceScope_Merged_2026-06-08_174854.csv:/content (attempt 1)
[2026-06-08 17:48:56] Uploaded (small) DeviceScope_Merged_2026-06-08_174854.csv
[2026-06-08 17:48:56] HTTP GET https://graph.microsoft.com/v1.0/drives/b!u0VrVqMqKEqRAUcFLyXM7nEO44VlP5dGv2u4lUcY7acsyWFyjOooTLN0civruKm2/items/01GZY4V6Z37XGTISEEGZAKUU4F6WRYRRH6/children?$select=name,id,lastModifiedDateTime (attempt 1)
[2026-06-08 17:48:56] SUCCESS: DeviceScope_Merged_2026-06-08_174854.csv uploaded to drive=b!u0VrVqMqKEqRAUcFLyXM7nEO44VlP5dGv2u4lUcY7acsyWFyjOooTLN0civruKm2 parent=01GZY4V6Z37XGTISEEGZAKUU4F6WRYRRH6
[2026-06-08 18:07:36] HTTP GET https://graph.microsoft.com/v1.0/shares/u!aHR0cHM6Ly9jYWNoZXZhbGxleWJhbmsuc2hhcmVwb2ludC5jb20vOmY6L3MvbTM2NWFwcGJ1aWxkZXItZGV2aWNlc2NvcGUtMTExMC9JZ0E3X2MwMFNJUTJRS3BUaGZXamlNVC1BV2xlVVpXT1htYnV0cHpVS3Y0YWtNVT9lPUNQMXdlYQ/driveItem (attempt 1)
[2026-06-08 18:07:36] HTTP PUT https://graph.microsoft.com/v1.0/drives/b!u0VrVqMqKEqRAUcFLyXM7nEO44VlP5dGv2u4lUcY7acsyWFyjOooTLN0civruKm2/items/01GZY4V6Z37XGTISEEGZAKUU4F6WRYRRH6:/DeviceScope_Merged_2026-06-08_180736.csv:/content (attempt 1)
[2026-06-08 18:07:38] Uploaded (small) DeviceScope_Merged_2026-06-08_180736.csv
[2026-06-08 18:07:38] HTTP GET https://graph.microsoft.com/v1.0/drives/b!u0VrVqMqKEqRAUcFLyXM7nEO44VlP5dGv2u4lUcY7acsyWFyjOooTLN0civruKm2/items/01GZY4V6Z37XGTISEEGZAKUU4F6WRYRRH6/children?$select=name,id,lastModifiedDateTime (attempt 1)
[2026-06-08 18:07:38] SUCCESS: DeviceScope_Merged_2026-06-08_180736.csv uploaded to drive=b!u0VrVqMqKEqRAUcFLyXM7nEO44VlP5dGv2u4lUcY7acsyWFyjOooTLN0civruKm2 parent=01GZY4V6Z37XGTISEEGZAKUU4F6WRYRRH6
[2026-06-08 18:12:08] FAILURE: Cannot process argument transformation on parameter 'TenantId'. Cannot convert value to type System.String.
[2026-06-08 18:19:16] FAILURE: Cannot process argument transformation on parameter 'TenantId'. Cannot convert value to type System.String.
[2026-06-08 18:23:36] HTTP GET https://graph.microsoft.com/v1.0/shares/u!aHR0cHM6Ly9jYWNoZXZhbGxleWJhbmsuc2hhcmVwb2ludC5jb20vOmY6L3MvbTM2NWFwcGJ1aWxkZXItZGV2aWNlc2NvcGUtMTExMC9JZ0E3X2MwMFNJUTJRS3BUaGZXamlNVC1BV2xlVVpXT1htYnV0cHpVS3Y0YWtNVT9lPUNQMXdlYQ/driveItem (attempt 1)
[2026-06-08 18:23:37] HTTP PUT https://graph.microsoft.com/v1.0/drives/b!u0VrVqMqKEqRAUcFLyXM7nEO44VlP5dGv2u4lUcY7acsyWFyjOooTLN0civruKm2/items/01GZY4V6Z37XGTISEEGZAKUU4F6WRYRRH6:/DeviceScope_Merged_2026-06-08_182336.csv:/content (attempt 1)
[2026-06-08 18:23:38] Uploaded (small) DeviceScope_Merged_2026-06-08_182336.csv
[2026-06-08 18:23:38] HTTP GET https://graph.microsoft.com/v1.0/drives/b!u0VrVqMqKEqRAUcFLyXM7nEO44VlP5dGv2u4lUcY7acsyWFyjOooTLN0civruKm2/items/01GZY4V6Z37XGTISEEGZAKUU4F6WRYRRH6/children?$select=name,id,lastModifiedDateTime (attempt 1)
[2026-06-08 18:23:38] SUCCESS: DeviceScope_Merged_2026-06-08_182336.csv uploaded to drive=b!u0VrVqMqKEqRAUcFLyXM7nEO44VlP5dGv2u4lUcY7acsyWFyjOooTLN0civruKm2 parent=01GZY4V6Z37XGTISEEGZAKUU4F6WRYRRH6
[2026-06-08 18:35:35] HTTP GET https://graph.microsoft.com/v1.0/shares/u!aHR0cHM6Ly9jYWNoZXZhbGxleWJhbmsuc2hhcmVwb2ludC5jb20vOmY6L3MvbTM2NWFwcGJ1aWxkZXItZGV2aWNlc2NvcGUtMTExMC9JZ0E3X2MwMFNJUTJRS3BUaGZXamlNVC1BV2xlVVpXT1htYnV0cHpVS3Y0YWtNVT9lPUNQMXdlYQ/driveItem (attempt 1)
[2026-06-08 18:35:35] HTTP PUT https://graph.microsoft.com/v1.0/drives/b!u0VrVqMqKEqRAUcFLyXM7nEO44VlP5dGv2u4lUcY7acsyWFyjOooTLN0civruKm2/items/01GZY4V6Z37XGTISEEGZAKUU4F6WRYRRH6:/DeviceScope_Merged_2026-06-08_183534.csv:/content (attempt 1)
[2026-06-08 18:35:37] Uploaded (small) DeviceScope_Merged_2026-06-08_183534.csv
[2026-06-08 18:35:37] HTTP GET https://graph.microsoft.com/v1.0/drives/b!u0VrVqMqKEqRAUcFLyXM7nEO44VlP5dGv2u4lUcY7acsyWFyjOooTLN0civruKm2/items/01GZY4V6Z37XGTISEEGZAKUU4F6WRYRRH6/children?$select=name,id,lastModifiedDateTime (attempt 1)
[2026-06-08 18:35:38] SUCCESS: DeviceScope_Merged_2026-06-08_183534.csv uploaded to drive=b!u0VrVqMqKEqRAUcFLyXM7nEO44VlP5dGv2u4lUcY7acsyWFyjOooTLN0civruKm2 parent=01GZY4V6Z37XGTISEEGZAKUU4F6WRYRRH6
[2026-06-08 18:37:43] HTTP GET https://graph.microsoft.com/v1.0/shares/u!aHR0cHM6Ly9jYWNoZXZhbGxleWJhbmsuc2hhcmVwb2ludC5jb20vOmY6L3MvbTM2NWFwcGJ1aWxkZXItZGV2aWNlc2NvcGUtMTExMC9JZ0E3X2MwMFNJUTJRS3BUaGZXamlNVC1BV2xlVVpXT1htYnV0cHpVS3Y0YWtNVT9lPUNQMXdlYQ/driveItem (attempt 1)
[2026-06-08 18:37:44] HTTP PUT https://graph.microsoft.com/v1.0/drives/b!u0VrVqMqKEqRAUcFLyXM7nEO44VlP5dGv2u4lUcY7acsyWFyjOooTLN0civruKm2/items/01GZY4V6Z37XGTISEEGZAKUU4F6WRYRRH6:/DeviceScope_Merged_2026-06-08_183743.csv:/content (attempt 1)
[2026-06-08 18:37:46] Uploaded (small) DeviceScope_Merged_2026-06-08_183743.csv
[2026-06-08 18:37:46] HTTP GET https://graph.microsoft.com/v1.0/drives/b!u0VrVqMqKEqRAUcFLyXM7nEO44VlP5dGv2u4lUcY7acsyWFyjOooTLN0civruKm2/items/01GZY4V6Z37XGTISEEGZAKUU4F6WRYRRH6/children?$select=name,id,lastModifiedDateTime (attempt 1)
[2026-06-08 18:37:46] SUCCESS: DeviceScope_Merged_2026-06-08_183743.csv uploaded to drive=b!u0VrVqMqKEqRAUcFLyXM7nEO44VlP5dGv2u4lUcY7acsyWFyjOooTLN0civruKm2 parent=01GZY4V6Z37XGTISEEGZAKUU4F6WRYRRH6
[2026-06-08 18:56:39] HTTP GET https://graph.microsoft.com/v1.0/shares/u!aHR0cHM6Ly9jYWNoZXZhbGxleWJhbmsuc2hhcmVwb2ludC5jb20vOmY6L3MvbTM2NWFwcGJ1aWxkZXItZGV2aWNlc2NvcGUtMTExMC9JZ0E3X2MwMFNJUTJRS3BUaGZXamlNVC1BV2xlVVpXT1htYnV0cHpVS3Y0YWtNVT9lPUNQMXdlYQ/driveItem (attempt 1)
[2026-06-08 18:56:39] HTTP PUT https://graph.microsoft.com/v1.0/drives/b!u0VrVqMqKEqRAUcFLyXM7nEO44VlP5dGv2u4lUcY7acsyWFyjOooTLN0civruKm2/items/01GZY4V6Z37XGTISEEGZAKUU4F6WRYRRH6:/DeviceScope_Merged_2026-06-08_185639.csv:/content (attempt 1)
[2026-06-08 18:56:41] Uploaded (small) DeviceScope_Merged_2026-06-08_185639.csv
[2026-06-08 18:56:41] HTTP GET https://graph.microsoft.com/v1.0/drives/b!u0VrVqMqKEqRAUcFLyXM7nEO44VlP5dGv2u4lUcY7acsyWFyjOooTLN0civruKm2/items/01GZY4V6Z37XGTISEEGZAKUU4F6WRYRRH6/children?$select=name,id,lastModifiedDateTime (attempt 1)
[2026-06-08 18:56:42] SUCCESS: DeviceScope_Merged_2026-06-08_185639.csv uploaded to drive=b!u0VrVqMqKEqRAUcFLyXM7nEO44VlP5dGv2u4lUcY7acsyWFyjOooTLN0civruKm2 parent=01GZY4V6Z37XGTISEEGZAKUU4F6WRYRRH6
[2026-06-08 19:04:09] HTTP GET https://graph.microsoft.com/v1.0/shares/u!aHR0cHM6Ly9jYWNoZXZhbGxleWJhbmsuc2hhcmVwb2ludC5jb20vOmY6L3MvbTM2NWFwcGJ1aWxkZXItZGV2aWNlc2NvcGUtMTExMC9JZ0E3X2MwMFNJUTJRS3BUaGZXamlNVC1BV2xlVVpXT1htYnV0cHpVS3Y0YWtNVT9lPUNQMXdlYQ/driveItem (attempt 1)
[2026-06-08 19:04:10] HTTP PUT https://graph.microsoft.com/v1.0/drives/b!u0VrVqMqKEqRAUcFLyXM7nEO44VlP5dGv2u4lUcY7acsyWFyjOooTLN0civruKm2/items/01GZY4V6Z37XGTISEEGZAKUU4F6WRYRRH6:/DeviceScope_Merged_2026-06-08_190409.csv:/content (attempt 1)
[2026-06-08 19:04:11] Uploaded (small) DeviceScope_Merged_2026-06-08_190409.csv
[2026-06-08 19:04:11] HTTP GET https://graph.microsoft.com/v1.0/drives/b!u0VrVqMqKEqRAUcFLyXM7nEO44VlP5dGv2u4lUcY7acsyWFyjOooTLN0civruKm2/items/01GZY4V6Z37XGTISEEGZAKUU4F6WRYRRH6/children?$select=name,id,lastModifiedDateTime (attempt 1)
[2026-06-08 19:04:11] SUCCESS: DeviceScope_Merged_2026-06-08_190409.csv uploaded to drive=b!u0VrVqMqKEqRAUcFLyXM7nEO44VlP5dGv2u4lUcY7acsyWFyjOooTLN0civruKm2 parent=01GZY4V6Z37XGTISEEGZAKUU4F6WRYRRH6
[2026-06-08 19:18:56] HTTP GET https://graph.microsoft.com/v1.0/shares/u!aHR0cHM6Ly9jYWNoZXZhbGxleWJhbmsuc2hhcmVwb2ludC5jb20vOmY6L3MvbTM2NWFwcGJ1aWxkZXItZGV2aWNlc2NvcGUtMTExMC9JZ0E3X2MwMFNJUTJRS3BUaGZXamlNVC1BV2xlVVpXT1htYnV0cHpVS3Y0YWtNVT9lPUNQMXdlYQ/driveItem (attempt 1)
[2026-06-08 19:18:57] HTTP PUT https://graph.microsoft.com/v1.0/drives/b!u0VrVqMqKEqRAUcFLyXM7nEO44VlP5dGv2u4lUcY7acsyWFyjOooTLN0civruKm2/items/01GZY4V6Z37XGTISEEGZAKUU4F6WRYRRH6:/DeviceScope_Merged_2026-06-08_191856.csv:/content (attempt 1)
[2026-06-08 19:18:58] Uploaded (small) DeviceScope_Merged_2026-06-08_191856.csv
[2026-06-08 19:18:58] HTTP GET https://graph.microsoft.com/v1.0/drives/b!u0VrVqMqKEqRAUcFLyXM7nEO44VlP5dGv2u4lUcY7acsyWFyjOooTLN0civruKm2/items/01GZY4V6Z37XGTISEEGZAKUU4F6WRYRRH6/children?$select=name,id,lastModifiedDateTime (attempt 1)
[2026-06-08 19:18:58] SUCCESS: DeviceScope_Merged_2026-06-08_191856.csv uploaded to drive=b!u0VrVqMqKEqRAUcFLyXM7nEO44VlP5dGv2u4lUcY7acsyWFyjOooTLN0civruKm2 parent=01GZY4V6Z37XGTISEEGZAKUU4F6WRYRRH6
[2026-06-08 19:21:17] HTTP GET https://graph.microsoft.com/v1.0/shares/u!aHR0cHM6Ly9jYWNoZXZhbGxleWJhbmsuc2hhcmVwb2ludC5jb20vOmY6L3MvbTM2NWFwcGJ1aWxkZXItZGV2aWNlc2NvcGUtMTExMC9JZ0E3X2MwMFNJUTJRS3BUaGZXamlNVC1BV2xlVVpXT1htYnV0cHpVS3Y0YWtNVT9lPUNQMXdlYQ/driveItem (attempt 1)
[2026-06-08 19:21:17] HTTP PUT https://graph.microsoft.com/v1.0/drives/b!u0VrVqMqKEqRAUcFLyXM7nEO44VlP5dGv2u4lUcY7acsyWFyjOooTLN0civruKm2/items/01GZY4V6Z37XGTISEEGZAKUU4F6WRYRRH6:/DeviceScope_Merged_2026-06-08_192116.csv:/content (attempt 1)
[2026-06-08 19:21:18] Uploaded (small) DeviceScope_Merged_2026-06-08_192116.csv
[2026-06-08 19:21:18] HTTP GET https://graph.microsoft.com/v1.0/drives/b!u0VrVqMqKEqRAUcFLyXM7nEO44VlP5dGv2u4lUcY7acsyWFyjOooTLN0civruKm2/items/01GZY4V6Z37XGTISEEGZAKUU4F6WRYRRH6/children?$select=name,id,lastModifiedDateTime (attempt 1)
[2026-06-08 19:21:19] SUCCESS: DeviceScope_Merged_2026-06-08_192116.csv uploaded to drive=b!u0VrVqMqKEqRAUcFLyXM7nEO44VlP5dGv2u4lUcY7acsyWFyjOooTLN0civruKm2 parent=01GZY4V6Z37XGTISEEGZAKUU4F6WRYRRH6
[2026-06-08 19:31:16] HTTP GET https://graph.microsoft.com/v1.0/shares/u!aHR0cHM6Ly9jYWNoZXZhbGxleWJhbmsuc2hhcmVwb2ludC5jb20vOmY6L3MvbTM2NWFwcGJ1aWxkZXItZGV2aWNlc2NvcGUtMTExMC9JZ0E3X2MwMFNJUTJRS3BUaGZXamlNVC1BV2xlVVpXT1htYnV0cHpVS3Y0YWtNVT9lPUNQMXdlYQ/driveItem (attempt 1)
[2026-06-08 19:31:17] HTTP PUT https://graph.microsoft.com/v1.0/drives/b!u0VrVqMqKEqRAUcFLyXM7nEO44VlP5dGv2u4lUcY7acsyWFyjOooTLN0civruKm2/items/01GZY4V6Z37XGTISEEGZAKUU4F6WRYRRH6:/DeviceScope_Merged_2026-06-08_193116.csv:/content (attempt 1)
[2026-06-08 19:31:18] Uploaded (small) DeviceScope_Merged_2026-06-08_193116.csv
[2026-06-08 19:31:18] HTTP GET https://graph.microsoft.com/v1.0/drives/b!u0VrVqMqKEqRAUcFLyXM7nEO44VlP5dGv2u4lUcY7acsyWFyjOooTLN0civruKm2/items/01GZY4V6Z37XGTISEEGZAKUU4F6WRYRRH6/children?$select=name,id,lastModifiedDateTime (attempt 1)
[2026-06-08 19:31:19] SUCCESS: DeviceScope_Merged_2026-06-08_193116.csv uploaded to drive=b!u0VrVqMqKEqRAUcFLyXM7nEO44VlP5dGv2u4lUcY7acsyWFyjOooTLN0civruKm2 parent=01GZY4V6Z37XGTISEEGZAKUU4F6WRYRRH6
[2026-06-08 19:34:29] HTTP GET https://graph.microsoft.com/v1.0/shares/u!aHR0cHM6Ly9jYWNoZXZhbGxleWJhbmsuc2hhcmVwb2ludC5jb20vOmY6L3MvbTM2NWFwcGJ1aWxkZXItZGV2aWNlc2NvcGUtMTExMC9JZ0E3X2MwMFNJUTJRS3BUaGZXamlNVC1BV2xlVVpXT1htYnV0cHpVS3Y0YWtNVT9lPUNQMXdlYQ/driveItem (attempt 1)
[2026-06-08 19:34:30] HTTP PUT https://graph.microsoft.com/v1.0/drives/b!u0VrVqMqKEqRAUcFLyXM7nEO44VlP5dGv2u4lUcY7acsyWFyjOooTLN0civruKm2/items/01GZY4V6Z37XGTISEEGZAKUU4F6WRYRRH6:/DeviceScope_Merged_2026-06-08_193429.csv:/content (attempt 1)
[2026-06-08 19:34:31] Uploaded (small) DeviceScope_Merged_2026-06-08_193429.csv
[2026-06-08 19:34:31] HTTP GET https://graph.microsoft.com/v1.0/drives/b!u0VrVqMqKEqRAUcFLyXM7nEO44VlP5dGv2u4lUcY7acsyWFyjOooTLN0civruKm2/items/01GZY4V6Z37XGTISEEGZAKUU4F6WRYRRH6/children?$select=name,id,lastModifiedDateTime (attempt 1)
[2026-06-08 19:34:31] SUCCESS: DeviceScope_Merged_2026-06-08_193429.csv uploaded to drive=b!u0VrVqMqKEqRAUcFLyXM7nEO44VlP5dGv2u4lUcY7acsyWFyjOooTLN0civruKm2 parent=01GZY4V6Z37XGTISEEGZAKUU4F6WRYRRH6
